2025-06-03T12:33:23.127+08:00  INFO 14044 --- [project_demo] [main] c.example.demo.ProjectDemoApplication    : Starting ProjectDemoApplication using Java 21.0.6 with PID 14044 (E:\newEwork\project_demo\target\classes started by NTPU in E:\newEwork\project_demo)
2025-06-03T12:33:23.129+08:00  INFO 14044 --- [project_demo] [main] c.example.demo.ProjectDemoApplication    : No active profile set, falling back to 1 default profile: "default"
2025-06-03T12:33:23.531+08:00  INFO 14044 --- [project_demo] [main] .s.d.r.c.RepositoryConfigurationDelegate : Multiple Spring Data modules found, entering strict repository configuration mode
2025-06-03T12:33:23.532+08:00  INFO 14044 --- [project_demo] [main] .s.d.r.c.RepositoryConfigurationDelegate : Bootstrapping Spring Data JDBC repositories in DEFAULT mode.
2025-06-03T12:33:23.555+08:00  INFO 14044 --- [project_demo] [main] .RepositoryConfigurationExtensionSupport : Spring Data JDBC - Could not safely identify store assignment for repository candidate interface com.example.demo.repository.LeaveApplicationRepository; If you want this repository to be a JDBC repository, consider annotating your entities with one of these annotations: org.springframework.data.relational.core.mapping.Table.
2025-06-03T12:33:23.556+08:00  INFO 14044 --- [project_demo] [main] .RepositoryConfigurationExtensionSupport : Spring Data JDBC - Could not safely identify store assignment for repository candidate interface com.example.demo.repository.UserRepository; If you want this repository to be a JDBC repository, consider annotating your entities with one of these annotations: org.springframework.data.relational.core.mapping.Table.
2025-06-03T12:33:23.556+08:00  INFO 14044 --- [project_demo] [main] .s.d.r.c.RepositoryConfigurationDelegate : Finished Spring Data repository scanning in 20 ms. Found 0 JDBC repository interfaces.
2025-06-03T12:33:23.563+08:00  INFO 14044 --- [project_demo] [main] .s.d.r.c.RepositoryConfigurationDelegate : Multiple Spring Data modules found, entering strict repository configuration mode
2025-06-03T12:33:23.564+08:00  INFO 14044 --- [project_demo] [main] .s.d.r.c.RepositoryConfigurationDelegate : Bootstrapping Spring Data JPA repositories in DEFAULT mode.
2025-06-03T12:33:23.581+08:00  INFO 14044 --- [project_demo] [main] .s.d.r.c.RepositoryConfigurationDelegate : Finished Spring Data repository scanning in 15 ms. Found 2 JPA repository interfaces.
2025-06-03T12:33:23.872+08:00  INFO 14044 --- [project_demo] [main] o.s.b.w.embedded.tomcat.TomcatWebServer  : Tomcat initialized with port 8088 (http)
2025-06-03T12:33:23.882+08:00  INFO 14044 --- [project_demo] [main] o.apache.catalina.core.StandardService   : Starting service [Tomcat]
2025-06-03T12:33:23.882+08:00  INFO 14044 --- [project_demo] [main] o.apache.catalina.core.StandardEngine    : Starting Servlet engine: [Apache Tomcat/10.1.40]
2025-06-03T12:33:23.992+08:00  INFO 14044 --- [project_demo] [main] org.apache.jasper.servlet.TldScanner     : At least one JAR was scanned for TLDs yet contained no TLDs. Enable debug logging for this logger for a complete list of JARs that were scanned but no TLDs were found in them. Skipping unneeded JARs during scanning can improve startup time and JSP compilation time.
2025-06-03T12:33:23.996+08:00  INFO 14044 --- [project_demo] [main] o.a.c.c.C.[Tomcat].[localhost].[/]       : Initializing Spring embedded WebApplicationContext
2025-06-03T12:33:23.997+08:00  INFO 14044 --- [project_demo] [main] w.s.c.ServletWebServerApplicationContext : Root WebApplicationContext: initialization completed in 845 ms
2025-06-03T12:33:24.085+08:00  INFO 14044 --- [project_demo] [main] o.hibernate.jpa.internal.util.LogHelper  : HHH000204: Processing PersistenceUnitInfo [name: default]
2025-06-03T12:33:24.133+08:00  INFO 14044 --- [project_demo] [main] org.hibernate.Version                    : HHH000412: Hibernate ORM core version 6.6.13.Final
2025-06-03T12:33:24.157+08:00  INFO 14044 --- [project_demo] [main] o.h.c.internal.RegionFactoryInitiator    : HHH000026: Second-level cache disabled
2025-06-03T12:33:24.339+08:00  INFO 14044 --- [project_demo] [main] o.s.o.j.p.SpringPersistenceUnitInfo      : No LoadTimeWeaver setup: ignoring JPA class transformer
2025-06-03T12:33:24.359+08:00  INFO 14044 --- [project_demo] [main] com.zaxxer.hikari.HikariDataSource       : HikariPool-1 - Starting...
2025-06-03T12:33:24.461+08:00  INFO 14044 --- [project_demo] [main] com.zaxxer.hikari.pool.HikariPool        : HikariPool-1 - Added connection com.mysql.cj.jdbc.ConnectionImpl@6dcbbb49
2025-06-03T12:33:24.462+08:00  INFO 14044 --- [project_demo] [main] com.zaxxer.hikari.HikariDataSource       : HikariPool-1 - Start completed.
2025-06-03T12:33:24.520+08:00  INFO 14044 --- [project_demo] [main] org.hibernate.orm.connections.pooling    : HHH10001005: Database info:
	Database JDBC URL [Connecting through datasource 'HikariDataSource (HikariPool-1)']
	Database driver: undefined/unknown
	Database version: 8.0.34
	Autocommit mode: undefined/unknown
	Isolation level: undefined/unknown
	Minimum pool size: undefined/unknown
	Maximum pool size: undefined/unknown
2025-06-03T12:33:25.082+08:00  INFO 14044 --- [project_demo] [main] o.h.e.t.j.p.i.JtaPlatformInitiator       : HHH000489: No JTA platform available (set 'hibernate.transaction.jta.platform' to enable JTA platform integration)
2025-06-03T12:33:25.155+08:00  INFO 14044 --- [project_demo] [main] j.LocalContainerEntityManagerFactoryBean : Initialized JPA EntityManagerFactory for persistence unit 'default'
2025-06-03T12:33:25.608+08:00  INFO 14044 --- [project_demo] [main] o.s.d.j.r.query.QueryEnhancerFactory     : Hibernate is in classpath; If applicable, HQL parser will be used.
2025-06-03T12:33:25.940+08:00  INFO 14044 --- [project_demo] [main] o.s.b.w.embedded.tomcat.TomcatWebServer  : Tomcat started on port 8088 (http) with context path '/'
2025-06-03T12:33:25.944+08:00  INFO 14044 --- [project_demo] [main] c.example.demo.ProjectDemoApplication    : Started ProjectDemoApplication in 3.053 seconds (process running for 3.38)
2025-06-03T12:33:32.075+08:00  INFO 12036 --- [project_demo] [main] com.example.demo.Test_UserAdd2           : Starting Test_UserAdd2 using Java 21.0.6 with PID 12036 (started by NTPU in E:\newEwork\project_demo)
2025-06-03T12:33:32.075+08:00  INFO 12036 --- [project_demo] [main] com.example.demo.Test_UserAdd2           : No active profile set, falling back to 1 default profile: "default"
2025-06-03T12:33:32.438+08:00  INFO 12036 --- [project_demo] [main] .s.d.r.c.RepositoryConfigurationDelegate : Multiple Spring Data modules found, entering strict repository configuration mode
2025-06-03T12:33:32.439+08:00  INFO 12036 --- [project_demo] [main] .s.d.r.c.RepositoryConfigurationDelegate : Bootstrapping Spring Data JDBC repositories in DEFAULT mode.
2025-06-03T12:33:32.461+08:00  INFO 12036 --- [project_demo] [main] .RepositoryConfigurationExtensionSupport : Spring Data JDBC - Could not safely identify store assignment for repository candidate interface com.example.demo.repository.LeaveApplicationRepository; If you want this repository to be a JDBC repository, consider annotating your entities with one of these annotations: org.springframework.data.relational.core.mapping.Table.
2025-06-03T12:33:32.463+08:00  INFO 12036 --- [project_demo] [main] .RepositoryConfigurationExtensionSupport : Spring Data JDBC - Could not safely identify store assignment for repository candidate interface com.example.demo.repository.UserRepository; If you want this repository to be a JDBC repository, consider annotating your entities with one of these annotations: org.springframework.data.relational.core.mapping.Table.
2025-06-03T12:33:32.463+08:00  INFO 12036 --- [project_demo] [main] .s.d.r.c.RepositoryConfigurationDelegate : Finished Spring Data repository scanning in 19 ms. Found 0 JDBC repository interfaces.
2025-06-03T12:33:32.471+08:00  INFO 12036 --- [project_demo] [main] .s.d.r.c.RepositoryConfigurationDelegate : Multiple Spring Data modules found, entering strict repository configuration mode
2025-06-03T12:33:32.471+08:00  INFO 12036 --- [project_demo] [main] .s.d.r.c.RepositoryConfigurationDelegate : Bootstrapping Spring Data JPA repositories in DEFAULT mode.
2025-06-03T12:33:32.492+08:00  INFO 12036 --- [project_demo] [main] .s.d.r.c.RepositoryConfigurationDelegate : Finished Spring Data repository scanning in 17 ms. Found 2 JPA repository interfaces.
2025-06-03T12:33:32.778+08:00  INFO 12036 --- [project_demo] [main] o.hibernate.jpa.internal.util.LogHelper  : HHH000204: Processing PersistenceUnitInfo [name: default]
2025-06-03T12:33:32.815+08:00  INFO 12036 --- [project_demo] [main] org.hibernate.Version                    : HHH000412: Hibernate ORM core version 6.6.13.Final
2025-06-03T12:33:32.836+08:00  INFO 12036 --- [project_demo] [main] o.h.c.internal.RegionFactoryInitiator    : HHH000026: Second-level cache disabled
2025-06-03T12:33:33.039+08:00  INFO 12036 --- [project_demo] [main] o.s.o.j.p.SpringPersistenceUnitInfo      : No LoadTimeWeaver setup: ignoring JPA class transformer
2025-06-03T12:33:33.060+08:00  INFO 12036 --- [project_demo] [main] com.zaxxer.hikari.HikariDataSource       : HikariPool-1 - Starting...
2025-06-03T12:33:33.166+08:00  INFO 12036 --- [project_demo] [main] com.zaxxer.hikari.pool.HikariPool        : HikariPool-1 - Added connection com.mysql.cj.jdbc.ConnectionImpl@379f9555
2025-06-03T12:33:33.168+08:00  INFO 12036 --- [project_demo] [main] com.zaxxer.hikari.HikariDataSource       : HikariPool-1 - Start completed.
2025-06-03T12:33:33.212+08:00  INFO 12036 --- [project_demo] [main] org.hibernate.orm.connections.pooling    : HHH10001005: Database info:
	Database JDBC URL [Connecting through datasource 'HikariDataSource (HikariPool-1)']
	Database driver: undefined/unknown
	Database version: 8.0.34
	Autocommit mode: undefined/unknown
	Isolation level: undefined/unknown
	Minimum pool size: undefined/unknown
	Maximum pool size: undefined/unknown
2025-06-03T12:33:33.724+08:00  INFO 12036 --- [project_demo] [main] o.h.e.t.j.p.i.JtaPlatformInitiator       : HHH000489: No JTA platform available (set 'hibernate.transaction.jta.platform' to enable JTA platform integration)
2025-06-03T12:33:33.781+08:00  INFO 12036 --- [project_demo] [main] j.LocalContainerEntityManagerFactoryBean : Initialized JPA EntityManagerFactory for persistence unit 'default'
2025-06-03T12:33:34.330+08:00  INFO 12036 --- [project_demo] [main] o.s.d.j.r.query.QueryEnhancerFactory     : Hibernate is in classpath; If applicable, HQL parser will be used.
2025-06-03T12:33:34.643+08:00  INFO 12036 --- [project_demo] [main] com.example.demo.Test_UserAdd2           : Started Test_UserAdd2 in 2.756 seconds (process running for 3.374)
2025-06-03T12:33:34.993+08:00  INFO 12036 --- [project_demo] [SpringApplicationShutdownHook] j.LocalContainerEntityManagerFactoryBean : Closing JPA EntityManagerFactory for persistence unit 'default'
2025-06-03T12:33:34.994+08:00  INFO 12036 --- [project_demo] [SpringApplicationShutdownHook] com.zaxxer.hikari.HikariDataSource       : HikariPool-1 - Shutdown initiated...
2025-06-03T12:33:34.999+08:00  INFO 12036 --- [project_demo] [SpringApplicationShutdownHook] com.zaxxer.hikari.HikariDataSource       : HikariPool-1 - Shutdown completed.
2025-06-03T17:02:35.238+08:00  INFO 14044 --- [project_demo] [RMI TCP Connection(277)-127.0.0.1] inMXBeanRegistrar$SpringApplicationAdmin : Application shutdown requested.
2025-06-03T17:02:35.240+08:00  INFO 14044 --- [project_demo] [RMI TCP Connection(277)-127.0.0.1] o.s.b.w.e.tomcat.GracefulShutdown        : Commencing graceful shutdown. Waiting for active requests to complete
2025-06-03T17:02:35.242+08:00  INFO 14044 --- [project_demo] [tomcat-shutdown] o.s.b.w.e.tomcat.GracefulShutdown        : Graceful shutdown complete
2025-06-03T17:02:35.244+08:00  INFO 14044 --- [project_demo] [RMI TCP Connection(277)-127.0.0.1] j.LocalContainerEntityManagerFactoryBean : Closing JPA EntityManagerFactory for persistence unit 'default'
2025-06-03T17:02:35.246+08:00  INFO 14044 --- [project_demo] [RMI TCP Connection(277)-127.0.0.1] com.zaxxer.hikari.HikariDataSource       : HikariPool-1 - Shutdown initiated...
2025-06-03T17:02:35.247+08:00  INFO 14044 --- [project_demo] [RMI TCP Connection(277)-127.0.0.1] com.zaxxer.hikari.HikariDataSource       : HikariPool-1 - Shutdown completed.
